<?xml version="1.0" encoding="UTF-8"?>
<!-- Generated by org.testng.reporters.JUnitXMLReporter -->
<testsuite hostname="LAPTOP-U74Q3VS2" name="TC001(failed)" tests="1" failures="0" timestamp="20 Jun 2020 07:57:53 GMT" time="13.079" errors="0">
  <testcase name="@BeforeClass beforeClassTestAnnLoad" time="0.0" classname="in.ibm.chirra.saf.test.Test_1">
    <failure type="org.openqa.selenium.SessionNotCreatedException" message="session not created
from chrome not reachable
  (Session info: chrome=83.0.4103.106)
Build info: version: &amp;apos;3.141.59&amp;apos;, revision: &amp;apos;e82be7d358&amp;apos;, time: &amp;apos;2018-11-14T08:17:03&amp;apos;
System info: host: &amp;apos;LAPTOP-U74Q3VS2&amp;apos;, ip: &amp;apos;192.168.0.103&amp;apos;, os.name: &amp;apos;Windows 10&amp;apos;, os.arch: &amp;apos;amd64&amp;apos;, os.version: &amp;apos;10.0&amp;apos;, java.version: &amp;apos;1.8.0_251&amp;apos;
Driver info: driver.version: ChromeDriver
remote stacktrace: Backtrace:
	Ordinal0 [0x00679563+2725219]
	Ordinal0 [0x00578551+1672529]
	Ordinal0 [0x00460202+524802]
	Ordinal0 [0x004599B2+498098]
	Ordinal0 [0x0045A09B+499867]
	Ordinal0 [0x0045AFF5+503797]
	Ordinal0 [0x00456994+485780]
	Ordinal0 [0x00460FF0+528368]
	Ordinal0 [0x0040D6C9+186057]
	Ordinal0 [0x0040CA3D+182845]
	Ordinal0 [0x0040A94B+174411]
	Ordinal0 [0x003F2528+75048]
	Ordinal0 [0x003F35A0+79264]
	Ordinal0 [0x003F3539+79161]
	Ordinal0 [0x0058D607+1758727]
	GetHandleVerifier [0x00796546+1050150]
	GetHandleVerifier [0x00796291+1049457]
	GetHandleVerifier [0x007A10D7+1094071]
	GetHandleVerifier [0x00796B46+1051686]
	Ordinal0 [0x00585B06+1727238]
	Ordinal0 [0x0058EB7B+1764219]
	Ordinal0 [0x0058ECE3+1764579]
	Ordinal0 [0x005A4C05+1854469]
	BaseThreadInitThunk [0x76766359+25]
	RtlGetAppContainerNamedObjectPath [0x779F7C24+228]
	RtlGetAppContainerNamedObjectPath [0x779F7BF4+180]
">
      <![CDATA[org.openqa.selenium.SessionNotCreatedException: session not created
from chrome not reachable
  (Session info: chrome=83.0.4103.106)
Build info: version: '3.141.59', revision: 'e82be7d358', time: '2018-11-14T08:17:03'
System info: host: 'LAPTOP-U74Q3VS2', ip: '192.168.0.103', os.name: 'Windows 10', os.arch: 'amd64', os.version: '10.0', java.version: '1.8.0_251'
Driver info: driver.version: ChromeDriver
remote stacktrace: Backtrace:
	Ordinal0 [0x00679563+2725219]
	Ordinal0 [0x00578551+1672529]
	Ordinal0 [0x00460202+524802]
	Ordinal0 [0x004599B2+498098]
	Ordinal0 [0x0045A09B+499867]
	Ordinal0 [0x0045AFF5+503797]
	Ordinal0 [0x00456994+485780]
	Ordinal0 [0x00460FF0+528368]
	Ordinal0 [0x0040D6C9+186057]
	Ordinal0 [0x0040CA3D+182845]
	Ordinal0 [0x0040A94B+174411]
	Ordinal0 [0x003F2528+75048]
	Ordinal0 [0x003F35A0+79264]
	Ordinal0 [0x003F3539+79161]
	Ordinal0 [0x0058D607+1758727]
	GetHandleVerifier [0x00796546+1050150]
	GetHandleVerifier [0x00796291+1049457]
	GetHandleVerifier [0x007A10D7+1094071]
	GetHandleVerifier [0x00796B46+1051686]
	Ordinal0 [0x00585B06+1727238]
	Ordinal0 [0x0058EB7B+1764219]
	Ordinal0 [0x0058ECE3+1764579]
	Ordinal0 [0x005A4C05+1854469]
	BaseThreadInitThunk [0x76766359+25]
	RtlGetAppContainerNamedObjectPath [0x779F7C24+228]
	RtlGetAppContainerNamedObjectPath [0x779F7BF4+180]

	at org.openqa.selenium.remote.W3CHandshakeResponse.lambda$errorHandler$0(W3CHandshakeResponse.java:62)
	at org.openqa.selenium.remote.HandshakeResponse.lambda$getResponseFunction$0(HandshakeResponse.java:30)
	at org.openqa.selenium.remote.ProtocolHandshake.lambda$createSession$0(ProtocolHandshake.java:126)
	at java.util.stream.ReferencePipeline$3$1.accept(Unknown Source)
	at java.util.Spliterators$ArraySpliterator.tryAdvance(Unknown Source)
	at java.util.stream.ReferencePipeline.forEachWithCancel(Unknown Source)
	at java.util.stream.AbstractPipeline.copyIntoWithCancel(Unknown Source)
	at java.util.stream.AbstractPipeline.copyInto(Unknown Source)
	at java.util.stream.AbstractPipeline.wrapAndCopyInto(Unknown Source)
	at java.util.stream.FindOps$FindOp.evaluateSequential(Unknown Source)
	at java.util.stream.AbstractPipeline.evaluate(Unknown Source)
	at java.util.stream.ReferencePipeline.findFirst(Unknown Source)
	at org.openqa.selenium.remote.ProtocolHandshake.createSession(ProtocolHandshake.java:128)
	at org.openqa.selenium.remote.ProtocolHandshake.createSession(ProtocolHandshake.java:74)
	at org.openqa.selenium.remote.HttpCommandExecutor.execute(HttpCommandExecutor.java:136)
	at org.openqa.selenium.remote.service.DriverCommandExecutor.execute(DriverCommandExecutor.java:83)
	at org.openqa.selenium.remote.RemoteWebDriver.execute(RemoteWebDriver.java:552)
	at org.openqa.selenium.remote.RemoteWebDriver.startSession(RemoteWebDriver.java:213)
	at org.openqa.selenium.remote.RemoteWebDriver.<init>(RemoteWebDriver.java:131)
	at org.openqa.selenium.chrome.ChromeDriver.<init>(ChromeDriver.java:181)
	at org.openqa.selenium.chrome.ChromeDriver.<init>(ChromeDriver.java:168)
	at org.openqa.selenium.chrome.ChromeDriver.<init>(ChromeDriver.java:123)
	at in.ibm.chirra.saf.driverSetup.DriverSetup.launChromeBrowser(DriverSetup.java:107)
	at in.ibm.chirra.saf.driverSetup.DriverSetup.loadDriver(DriverSetup.java:96)
	at in.ibm.chirra.saf.driverSetup.DriverSetup.beforeClassTestAnnLoad(DriverSetup.java:76)
	at java.util.concurrent.FutureTask.run(Unknown Source)
	at java.util.concurrent.ThreadPoolExecutor.runWorker(Unknown Source)
	at java.util.concurrent.ThreadPoolExecutor$Worker.run(Unknown Source)
	at java.lang.Thread.run(Unknown Source)
... Removed 20 stack frames]]>
    </failure>
  </testcase> <!-- @BeforeClass beforeClassTestAnnLoad -->
  <testcase name="@AfterClass afterClassTestAnnLoad" time="0.0" classname="in.ibm.chirra.saf.test.Test_1">
    <skipped/>
  </testcase> <!-- @AfterClass afterClassTestAnnLoad -->
  <testcase name="sampleTest1" time="0.0" classname="in.ibm.chirra.saf.test.Test_1">
    <skipped/>
  </testcase> <!-- sampleTest1 -->
</testsuite> <!-- TC001(failed) -->
